[2021.10.06.23.04.43] [Invoice price 10.0]
[2021.10.06.23.18.43] [Invoice price 10.0]
[2021.10.06.23.18.43] [Invoice price 10.0]
[2021.10.06.23.19.11] [Invoice price 10.0]
[2021.10.06.23.19.11] [Invoice price 10.0]
[2021.10.06.23.19.11] [Invoice price 10.0]
[2021.10.06.23.33.35] [Invoice price 10.0]
[2021.10.06.23.33.35] [Invoice price 10.0]
[2021.10.06.23.33.35] [Invoice price 10.0]
[2021.10.06.23.33.41] [Invoice price 10.0]
[2021.10.06.23.33.41] [Invoice price 10.0]
[2021.10.06.23.33.41] [Invoice price 10.0]
[2021.10.06.23.33.55] [Invoice price 10.0]
[2021.10.06.23.33.55] [Invoice price 10.0]
[2021.10.06.23.33.55] [Invoice price 10.0]
[2021.10.06.23.34.07] [Invoice price 10.0]
[2021.10.06.23.34.07] [Invoice price 10.0]
[2021.10.06.23.34.07] [Invoice price 10.0]
[2021.10.06.23.34.27] [Invoice price 10.0]
[2021.10.06.23.34.28] [Invoice price 10.0]
[2021.10.06.23.34.28] [Invoice price 10.0]
[2021.10.06.23.35.18] [Invoice price 2.0]
[2021.10.06.23.35.18] [Invoice price 10.0]
[2021.10.06.23.35.18] [Invoice price 10.0]
[2021.10.06.23.35.33] [Invoice price 1.4]
[2021.10.06.23.35.33] [Invoice price 10.0]
[2021.10.06.23.35.33] [Invoice price 10.0]
[2021.10.06.23.35.48] [Invoice price 4.0]
[2021.10.06.23.35.48] [Invoice price 10.0]
[2021.10.06.23.35.48] [Invoice price 10.0]
[2021.10.06.23.47.09] [Invoice price 4.0]
[2021.10.06.23.47.09] [Invoice price 10.0]
[2021.10.06.23.47.09] [Invoice price 10.0]
[2021.10.06.23.49.01] [Invoice price 4.0]
[2021.10.06.23.49.01] [Invoice price 10.0]
[2021.10.06.23.49.01] [Invoice price 10.0]
[2021.10.06.23.51.56] [Invoice price 4.0]
[2021.10.06.23.51.56] [Invoice price 10.0]
[2021.10.06.23.51.56] [Invoice price 10.0]
[2021.10.06.23.52.17] [Invoice price 4.0]
[2021.10.06.23.52.17] [Invoice price 133.0]
[2021.10.06.23.52.17] [Invoice price 10.0]
[2021.10.06.23.56.55] [Invoice price 4.0]
[2021.10.06.23.56.55] [Invoice price 133.0]
[2021.10.06.23.56.55] [Invoice price 10.0]
[2021.10.06.23.59.14] [Invoice price 4.0]
[2021.10.06.23.59.14] [Invoice price 133.0]
[2021.10.06.23.59.14] [Invoice price 10.0]
[2021.10.07.00.00.22] [Invoice price 4.0]
[2021.10.07.00.00.22] [Invoice price 133.0]
[2021.10.07.00.00.22] [Invoice price 10.0]
[2021.10.07.00.03.30] [Invoice price 0.0]
[2021.10.07.00.03.30] [Invoice price 0.0]
[2021.10.07.00.03.30] [Invoice price 0.0]
[2021.10.07.00.03.56] [Invoice price 0.0]
[2021.10.07.00.03.56] [Invoice price 10.0]
[2021.10.07.00.03.56] [Invoice price 10.0]
[2021.10.07.00.04.42] [Invoice price 0.0]
[2021.10.07.00.04.42] [Invoice price 10.0]
[2021.10.07.00.04.42] [Invoice price 10.0]
[2021.10.07.00.05.01] [Invoice price 0.0]
[2021.10.07.00.05.01] [Invoice price 10.0]
[2021.10.07.00.05.01] [Invoice price 10.0]
[2021.10.07.00.06.28] [Invoice price 10.0]
[2021.10.07.00.06.28] [Invoice price 10.0]
[2021.10.07.00.07.29] [Invoice price 11.0]
[2021.10.07.00.07.29] [Invoice price 10.0]
[2021.10.07.00.07.45] [Invoice price 11.0]
[2021.10.07.00.07.45] [Invoice price 10.5]
[2021.10.07.00.08.38] [Invoice price 4.8100000000000005]
[2021.10.07.00.08.38] [Invoice price 11.2]
[2021.10.07.00.08.38] [Invoice price 10.5]
[2021.10.07.00.09.22] [Invoice price 4.8100000000000005]
[2021.10.07.00.09.22] [Invoice price 11.2]
[2021.10.07.00.09.22] [Invoice price 10.5]
[2021.10.07.00.24.34] [Invoice price 4.8100000000000005]
[2021.10.07.00.24.34] [Invoice price 11.2]
[2021.10.07.00.24.34] [Invoice price 10.5][2021.10.07.11.34.53] [Invoice{products=[Telephone{series='series', screenType='screenType', price=3.6, model='someModel'}, Television{series='series1', screenType='screenType', price=1.21, diagonal=53.3, country='Ukraine'}], customer=Customer{id=5404, email='vmlizajnztofwsfsioiy@gmail.com', age=58}, type='wholesale'}]
[2021.10.07.11.34.53] [Invoice{products=[Telephone{series='series', screenType='screenType', price=10.0, model='someModel'}, Television{series='series1', screenType='screenType1', price=1.2, diagonal=5.4, country='USA'}], customer=Customer{id=7622, email='dhstmlkhfhbhmneauwfh@gmail.com', age=59}, type='wholesale'}]
[2021.10.07.11.34.53] [Invoice{products=[Telephone{series='series', screenType='screenType', price=10.5, model='someModel'}], customer=Customer{id=3876, email='aptvsvkyscmpmsyyigsn@gmail.com', age=12}, type='wholesale'}]
[2021.10.07.11.45.21] [Invoice{products=[Telephone{series='series', screenType='screenType', price=3.6, model='someModel'}, Television{series='series1', screenType='screenType', price=1.21, diagonal=53.3, country='Ukraine'}], customer=Customer{id=9732, email='rslgdlmwsxjwggxcmysz@gmail.com', age=89}, type='retail'}]
[2021.10.07.11.45.21] [Invoice{products=[Telephone{series='series', screenType='screenType', price=10.0, model='someModel'}, Television{series='series1', screenType='screenType1', price=1.2, diagonal=5.4, country='USA'}], customer=Customer{id=2337, email='hdzueadvbhzbaulzotxi@gmail.com', age=4}, type='wholesale'}]
[2021.10.07.11.45.21] [Invoice{products=[Telephone{series='series', screenType='screenType', price=10.5, model='someModel'}, Telephone{series='', screenType='screenType', price=19.0, model='Kharkiv'}], customer=Customer{id=7402, email='ukawimsxeyilpzjjanmd@gmail.com', age=84}, type='wholesale'}]
[2021.10.07.11.49.18] [Invoice{products=[Telephone{series='series', screenType='screenType', price=3.6, model='someModel'}, Television{series='series1', screenType='screenType', price=1.21, diagonal=53.3, country='Ukraine'}], customer=Customer{id=7728, email='rhjsgiskbxwviialjher@gmail.com', age=18}, type='retail'}]
[2021.10.07.11.49.18] [Invoice{products=[Telephone{series='series', screenType='screenType', price=10.0, model='someModel'}, Television{series='series1', screenType='screenType1', price=1.2, diagonal=5.4, country='USA'}], customer=Customer{id=3008, email='jdknfgrjmhprtuuhnwmt@gmail.com', age=33}, type='wholesale'}]
[2021.10.07.11.49.18] [Invoice{products=[Telephone{series='series', screenType='screenType', price=10.5, model='someModel'}, Telephone{series='', screenType='screenType', price=19.0, model='Kharkiv'}], customer=Customer{id=9363, email='bwrygxuphrftmzrvxpjy@gmail.com', age=44}, type='wholesale'}]
[2021.10.07.11.51.15] [Invoice{products=[Telephone{series='series', screenType='screenType', price=3.6, model='someModel'}, Television{series='series1', screenType='screenType', price=1.21, diagonal=53.3, country='Ukraine'}], customer=Customer{id=3439, email='oajivsomaykihpmbzdlz@gmail.com', age=22}, type='retail'}]
[2021.10.07.11.51.15] [Invoice{products=[Telephone{series='series', screenType='screenType', price=10.0, model='someModel'}, Television{series='series1', screenType='screenType1', price=1.2, diagonal=5.4, country='USA'}], customer=Customer{id=7980, email='ghhzhtweedgmnsfrphdg@gmail.com', age=9}, type='wholesale'}]
[2021.10.07.11.51.15] [Invoice{products=[Telephone{series='series', screenType='screenType', price=10.5, model='someModel'}], customer=Customer{id=3610, email='odetabkmhafevlfbdpbd@gmail.com', age=4}, type='wholesale'}]
[2021.10.07.11.56.26] [Invoice{products=[Telephone{series='series', screenType='screenType', price=3.6, model='someModel'}, Television{series='series1', screenType='screenType', price=1.21, diagonal=53.3, country='Ukraine'}], customer=Customer{id=341, email='nivcfggectldyzvlwzmk@gmail.com', age=34}, type='retail'}]
[2021.10.07.11.56.26] [Invoice{products=[Telephone{series='series', screenType='screenType', price=10.0, model='someModel'}, Television{series='series1', screenType='screenType1', price=1.2, diagonal=5.4, country='USA'}], customer=Customer{id=4704, email='saulhnbrpuwoxkxsheey@gmail.com', age=64}, type='wholesale'}]
[2021.10.07.11.56.26] [Invoice{products=[Telephone{series='series', screenType='screenType', price=10.5, model='someModel'}], customer=Customer{id=4832, email='zovmocvejgmzskyesorb@gmail.com', age=89}, type='wholesale'}]
[2021.10.07.11.57.10] [Invoice{products=[Telephone{series='series', screenType='screenType', price=3.6, model='someModel'}, Television{series='series1', screenType='screenType', price=1.21, diagonal=53.3, country='Ukraine'}], customer=Customer{id=3372, email='ldhdclmzosbgwzkaiuss@gmail.com', age=95}, type='retail'}]
[2021.10.07.11.57.10] [Invoice{products=[Telephone{series='series', screenType='screenType', price=10.0, model='someModel'}, Television{series='series1', screenType='screenType1', price=1.2, diagonal=5.4, country='USA'}], customer=Customer{id=4036, email='ikgpevaradbniovjrymt@gmail.com', age=29}, type='wholesale'}]
[2021.10.07.11.57.10] [Invoice{products=[Telephone{series='series', screenType='screenType', price=10.5, model='someModel'}, Telephone{series='ser', screenType='screenType', price=19.0, model='Kharkiv'}], customer=Customer{id=1522, email='kfzxjhxdmpoljefwsicw@gmail.com', age=65}, type='wholesale'}]
[2021.10.07.11.58.04] [Invoice{products=[Telephone{series='series', screenType='screenType', price=3.6, model='someModel'}, Television{series='series1', screenType='screenType', price=1.21, diagonal=53.3, country='Ukraine'}], customer=Customer{id=7735, email='rodpacuexcbpobiogvgl@gmail.com', age=6}, type='wholesale'}]
[2021.10.07.11.58.04] [Invoice{products=[Telephone{series='series', screenType='screenType', price=10.0, model='someModel'}, Television{series='series1', screenType='screenType1', price=1.2, diagonal=5.4, country='USA'}], customer=Customer{id=3828, email='spfjsaufrijfyrkiknlf@gmail.com', age=28}, type='wholesale'}]
[2021.10.07.11.58.04] [Invoice{products=[Telephone{series='series', screenType='screenType', price=10.5, model='someModel'}, Telephone{series='ser', screenType='screenType', price=19.0, model='Kharkiv'}], customer=Customer{id=9259, email='najbpbxdokkvvgxvszoj@gmail.com', age=36}, type='wholesale'}]
[2021.10.07.12.44.09] [Invoice{products=[Telephone{series='series', screenType='screenType', price=3.6, model='someModel'}, Television{series='series1', screenType='screenType', price=1.21, diagonal=53.3, country='Ukraine'}], customer=Customer{id=8457, email='zwxfxkvrjzdsekoamruw@gmail.com', age=19}, type='retail'}]
[2021.10.07.12.44.09] [Invoice{products=[Telephone{series='series', screenType='screenType', price=10.0, model='someModel'}, Television{series='series1', screenType='screenType1', price=1.2, diagonal=5.4, country='USA'}], customer=Customer{id=8678, email='wpharyrulvxyeuvyyvwl@gmail.com', age=13}, type='wholesale'}]
[2021.10.07.12.44.09] [Invoice{products=[Telephone{series='series', screenType='screenType', price=10.5, model='someModel'}, Telephone{series='ser', screenType='screenType', price=19.0, model='Kharkiv'}], customer=Customer{id=3473, email='wjucjweceybuiejjsjnd@gmail.com', age=90}, type='wholesale'}]
[2021.10.07.13.58.14] [Invoice price 4.8100000000000005]
[2021.10.07.13.58.14] [Invoice price 11.2]
[2021.10.07.13.58.14] [Invoice price 29.5]
[2021.10.07.13.58.38] [Invoice price 4.8100000000000005]
[2021.10.07.13.58.38] [Invoice price 11.2]
[2021.10.07.13.58.38] [Invoice price 29.5]
[2021.10.07.13.59.30] [Invoice price 4.8100000000000005]
[2021.10.07.13.59.30] [Invoice price 11.2]
[2021.10.07.13.59.30] [Invoice price 29.5]
[2021.10.07.14.01.16] [Invoice{products=[Telephone{series='series', screenType='screenType', price=3.6, model='someModel'}, Television{series='series1', screenType='screenType', price=1.21, diagonal=53.3, country='Ukraine'}], customer=Customer{id=8734, email='bthmbvgkumayaplnjlrk@gmail.com', age=38}, type='retail'}]
[2021.10.07.14.01.16] [Invoice{products=[Telephone{series='series', screenType='screenType', price=10.0, model='someModel'}, Television{series='series1', screenType='screenType1', price=1.2, diagonal=5.4, country='USA'}], customer=Customer{id=32, email='lyumccatfofuwvrwjnlp@gmail.com', age=90}, type='wholesale'}]
[2021.10.07.14.01.16] [Invoice{products=[Telephone{series='series', screenType='screenType', price=10.5, model='someModel'}, Telephone{series='ser', screenType='screenType', price=19.0, model='Kharkiv'}], customer=Customer{id=582, email='aajbtvxsedrbmamjtyep@gmail.com', age=48}, type='wholesale'}]
[2021.10.07.14.03.18] [Invoice{products=[Telephone{series='series', screenType='screenType', price=3.6, model='someModel'}, Television{series='series1', screenType='screenType', price=1.21, diagonal=53.3, country='Ukraine'}], customer=Customer{id=2546, email='rvfjkgsmwvppzglwvppg@gmail.com', age=31}, type='retail'}]
[2021.10.07.14.03.18] [Invoice{products=[Telephone{series='series', screenType='screenType', price=10.0, model='someModel'}, Television{series='series1', screenType='screenType1', price=1.2, diagonal=5.4, country='USA'}], customer=Customer{id=7957, email='ksyothocspnnecsuyoav@gmail.com', age=3}, type='wholesale'}]
[2021.10.07.14.03.18] [Invoice{products=[Telephone{series='series', screenType='screenType', price=10.5, model='someModel'}, Telephone{series='ser', screenType='screenType', price=19.0, model='Kharkiv'}], customer=Customer{id=9286, email='flmzahzxrcdiegrnigbl@gmail.com', age=35}, type='wholesale'}]
[2021.10.07.16.50.09] [Invoice{products=[Telephone{series='series', screenType='screenType', price=3.6, model='someModel'}, Television{series='series1', screenType='screenType', price=1.21, diagonal=53.3, country='Ukraine'}], customer=Customer{id=9805, email='btfdnaabphumyioxkncn@gmail.com', age=65}, type='retail'}]
[2021.10.07.16.50.09] [Invoice{products=[Telephone{series='series', screenType='screenType', price=10.0, model='someModel'}, Television{series='series1', screenType='screenType1', price=1.2, diagonal=5.4, country='USA'}], customer=Customer{id=3291, email='hrditathcmejvfacjbzu@gmail.com', age=80}, type='retail'}]
[2021.10.07.16.50.09] [Invoice{products=[Telephone{series='series', screenType='screenType', price=10.5, model='someModel'}, Telephone{series='ser', screenType='screenType', price=19.0, model='Kharkiv'}], customer=Customer{id=8297, email='arajkxscongwjjatpydn@gmail.com', age=65}, type='retail'}]
[2021.10.07.16.50.19] [Invoice{products=[Telephone{series='series', screenType='screenType', price=3.6, model='someModel'}, Television{series='series1', screenType='screenType', price=1.21, diagonal=53.3, country='Ukraine'}], customer=Customer{id=9197, email='zuzihtreugtbtiummmec@gmail.com', age=60}, type='wholesale'}]
[2021.10.07.16.50.19] [Invoice{products=[Telephone{series='series', screenType='screenType', price=10.0, model='someModel'}, Television{series='series1', screenType='screenType1', price=1.2, diagonal=5.4, country='USA'}], customer=Customer{id=4835, email='fjpnylwgiwdlxrdybggn@gmail.com', age=97}, type='wholesale'}]
[2021.10.07.16.50.19] [Invoice{products=[Telephone{series='series', screenType='screenType', price=10.5, model='someModel'}, Telephone{series='ser', screenType='screenType', price=19.0, model='Kharkiv'}], customer=Customer{id=8605, email='uipzzsclgxlyxadngevv@gmail.com', age=47}, type='wholesale'}]
[2021.10.07.16.54.04] [Invoice{products=[Telephone{series='series', screenType='screenType', price=3.6, model='someModel'}, Television{series='series1', screenType='screenType', price=1.21, diagonal=53.3, country='Ukraine'}], customer=Customer{id=1115, email='tplizlmbvczncgafemaz@gmail.com', age=69}, type='wholesale'}]
[2021.10.07.16.54.04] [Invoice{products=[Telephone{series='series', screenType='screenType', price=10.0, model='someModel'}, Television{series='series1', screenType='screenType1', price=1.2, diagonal=5.4, country='USA'}], customer=Customer{id=5575, email='agkusetsjwfjyrlmyzwg@gmail.com', age=3}, type='wholesale'}]
[2021.10.07.16.54.04] [Invoice{products=[Telephone{series='series', screenType='screenType', price=10.5, model='someModel'}, Telephone{series='ser', screenType='screenType', price=19.0, model='Kharkiv'}], customer=Customer{id=3059, email='gsgxucnjrkujfjnzrfoc@gmail.com', age=58}, type='wholesale'}]
[2021.10.07.16.55.01] [Invoice{products=[Telephone{series='series', screenType='screenType', price=3.6, model='someModel'}, Television{series='series1', screenType='screenType', price=1.21, diagonal=53.3, country='Ukraine'}], customer=Customer{id=4388, email='imbajilxxtjeczxkluzw@gmail.com', age=12}, type='wholesale'}]
[2021.10.07.16.55.01] [Invoice{products=[Telephone{series='series', screenType='screenType', price=10.0, model='someModel'}, Television{series='series1', screenType='screenType1', price=1.2, diagonal=5.4, country='USA'}], customer=Customer{id=2627, email='dijtnnzkzexbkvfjvvyv@gmail.com', age=60}, type='wholesale'}]
[2021.10.07.16.55.01] [Invoice{products=[Telephone{series='series', screenType='screenType', price=10.5, model='someModel'}, Telephone{series='ser', screenType='screenType', price=19.0, model='Kharkiv'}], customer=Customer{id=1864, email='jmxadanwsgvdmnprmvtj@gmail.com', age=36}, type='wholesale'}]
[2021.10.07.17.06.00] [Invoice{products=[Telephone{series='series', screenType='screenType', price=3.6, model='someModel'}, Television{series='series1', screenType='screenType', price=1.21, diagonal=53.3, country='Ukraine'}], customer=Customer{id=8515, email='tkhmpfswomdwpndixmif@gmail.com', age=81}, type='wholesale'}]
[2021.10.07.17.06.00] [Invoice{products=[Telephone{series='series', screenType='screenType', price=10.0, model='someModel'}, Television{series='series1', screenType='screenType1', price=1.2, diagonal=5.4, country='USA'}], customer=Customer{id=8878, email='jwvwlpoifcbnjeckywyp@gmail.com', age=59}, type='wholesale'}]
[2021.10.07.17.06.00] [Invoice{products=[Telephone{series='series', screenType='screenType', price=10.5, model='someModel'}, Telephone{series='ser', screenType='screenType', price=19.0, model='Kharkiv'}], customer=Customer{id=2313, email='xzrgjwtnfoxlpuwzpydg@gmail.com', age=48}, type='wholesale'}]
[2021.10.07.17.06.42] [Invoice{products=[Telephone{series='series', screenType='screenType', price=3.6, model='someModel'}, Television{series='series1', screenType='screenType', price=1.21, diagonal=53.3, country='Ukraine'}], customer=Customer{id=1299, email='rblyyobbauwnreytsdwx@gmail.com', age=81}, type='retail'}]
[2021.10.07.17.06.42] [Invoice{products=[Telephone{series='series', screenType='screenType', price=10.0, model='someModel'}, Television{series='series1', screenType='screenType1', price=1.2, diagonal=5.4, country='USA'}], customer=Customer{id=2504, email='ahacmsgajbrpytlppofx@gmail.com', age=13}, type='retail'}]
[2021.10.07.17.06.42] [Invoice{products=[Telephone{series='series', screenType='screenType', price=10.5, model='someModel'}, Telephone{series='ser', screenType='screenType', price=19.0, model='Kharkiv'}], customer=Customer{id=7242, email='namvrmyrmfdyiixibwev@gmail.com', age=41}, type='retail'}]
[2021.10.07.17.12.26] [Invoice{products=[Telephone{series='series', screenType='screenType', price=3.6, model='someModel'}, Television{series='series1', screenType='screenType', price=1.21, diagonal=53.3, country='Ukraine'}], customer=Customer{id=7217, email='cjpmfbpfmbzmalhnxozp@gmail.com', age=72}, type='wholesale'}]
[2021.10.07.17.12.26] [Invoice{products=[Telephone{series='series', screenType='screenType', price=10.0, model='someModel'}, Television{series='series1', screenType='screenType1', price=1.2, diagonal=5.4, country='USA'}], customer=Customer{id=5288, email='nejnzuhphydizkcfglmm@gmail.com', age=57}, type='wholesale'}]
[2021.10.07.17.12.26] [Invoice{products=[Telephone{series='series', screenType='screenType', price=10.5, model='someModel'}, Telephone{series='ser', screenType='screenType', price=19.0, model='Kharkiv'}], customer=Customer{id=8391, email='vweftixforrrkiiltzbz@gmail.com', age=49}, type='wholesale'}]
[2021.10.07.17.23.35] [Invoice{products=[Telephone{series='series', screenType='screenType', price=3.6, model='someModel'}, Television{series='series1', screenType='screenType', price=1.21, diagonal=53.3, country='Ukraine'}], customer=Customer{id=4720, email='nazfliwwvgftntiotepo@gmail.com', age=28}, type='retail'}]
[2021.10.07.17.23.35] [Invoice{products=[Telephone{series='series', screenType='screenType', price=10.0, model='someModel'}, Television{series='series1', screenType='screenType1', price=1.2, diagonal=5.4, country='USA'}], customer=Customer{id=4882, email='whuycoboyhhfxazodwpr@gmail.com', age=12}, type='retail'}]
[2021.10.07.17.23.35] [Invoice{products=[Telephone{series='series', screenType='screenType', price=10.5, model='someModel'}, Telephone{series='ser', screenType='screenType', price=19.0, model='Kharkiv'}], customer=Customer{id=7680, email='kfwgvbfsvlalxgzeywiv@gmail.com', age=63}, type='retail'}]
[2021.10.07.17.26.25] [Invoice{products=[Telephone{series='series', screenType='screenType', price=3.6, model='someModel'}, Television{series='series1', screenType='screenType', price=1.21, diagonal=53.3, country='Ukraine'}], customer=Customer{id=7389, email='eersfsirtlvxarlpmouw@gmail.com', age=4}, type='retail'}]
[2021.10.07.17.26.25] [Invoice{products=[Telephone{series='series', screenType='screenType', price=10.0, model='someModel'}, Television{series='series1', screenType='screenType1', price=1.2, diagonal=5.4, country='USA'}], customer=Customer{id=6642, email='yigwlrtizzmgalkhrfvu@gmail.com', age=89}, type='wholesale'}]
[2021.10.07.17.26.25] [Invoice{products=[Telephone{series='series', screenType='screenType', price=10.5, model='someModel'}, Telephone{series='ser', screenType='screenType', price=19.0, model='Kharkiv'}], customer=Customer{id=6513, email='bfsxmolcdhrstccyccgp@gmail.com', age=3}, type='wholesale'}]
[2021.10.07.17.27.00] [Invoice{products=[Telephone{series='series', screenType='screenType', price=3.6, model='someModel'}, Television{series='series1', screenType='screenType', price=1.21, diagonal=53.3, country='Ukraine'}], customer=Customer{id=1458, email='jwkycbsjghnygsmkndke@gmail.com', age=80}, type='retail'}]
[2021.10.07.17.27.00] [Invoice{products=[Telephone{series='series', screenType='screenType', price=10.0, model='someModel'}, Television{series='series1', screenType='screenType1', price=1.2, diagonal=5.4, country='USA'}], customer=Customer{id=582, email='gscuoikcocemgwtfegen@gmail.com', age=72}, type='retail'}]
[2021.10.07.17.27.00] [Invoice{products=[Telephone{series='series', screenType='screenType', price=10.5, model='someModel'}], customer=Customer{id=2895, email='gcratinhadxsubcgylrp@gmail.com', age=28}, type='retail'}]
[2021.10.07.17.51.40] [Invoice{products=[], customer=Customer{id=7411, email='xsaknbbnvomuyzyjnfdb@gmail.com', age=21}, type='retail'}]
[2021.10.07.17.52.12] [Invoice{products=[], customer=Customer{id=8529, email='zahefufncforaokxlpbf@gmail.com', age=92}, type='retail'}]
[2021.10.07.17.54.58] [Invoice{products=[], customer=Customer{id=810, email='ghooswyxrgwnuwhodnmt@gmail.com', age=39}, type='retail'}]
[2021.10.07.17.55.08] [Invoice{products=[], customer=Customer{id=6621, email='pnbwvroawafjeiswigpe@gmail.com', age=4}, type='retail'}]
[2021.10.07.17.55.48] [Invoice{products=[], customer=Customer{id=6986, email='wtksmadznyddcfnfljfe@gmail.com', age=82}, type='retail'}]
[2021.10.07.17.58.01] [Invoice{products=[Telephone{series='series', screenType='screenType', price=3.6, model='someModel'}, Television{series='series1', screenType='screenType', price=1.21, diagonal=53.3, country='Ukraine'}], customer=Customer{id=9073, email='jdlxlrjlzfvjtgebforx@gmail.com', age=20}, type='retail'}]
[2021.10.07.18.01.39] [Invoice{products=[], customer=Customer{id=9932, email='wftzkbjhbggcwdlbnmny@gmail.com', age=93}, type='retail'}]
[2021.10.07.18.08.47] [Invoice{products=[], customer=Customer{id=9838, email='utprbflahswgxzmibhem@gmail.com', age=6}, type='retail'}]
[2021.10.07.18.09.55] [Invoice{products=[], customer=Customer{id=6979, email='ylsvepjmgrftglfsekor@gmail.com', age=81}, type='retail'}]
[2021.10.07.18.10.18] [Invoice{products=[], customer=Customer{id=7927, email='eywykocpdmkslzofdfly@gmail.com', age=68}, type='retail'}]
[2021.10.07.18.39.15] [Invoice{products=[], customer=Customer{id=2333, email='vzrkwnrdbgeyxssohufd@gmail.com', age=73}, type='retail'}]
[2021.10.07.18.40.30] [Invoice{products=[], customer=Customer{id=4423, email='tvbigukrfmpusoeozaxo@gmail.com', age=22}, type='retail'}]
[2021.10.07.19.03.19] [Invoice{products=[], customer=Customer{id=8988, email='lprxiuxepkefzyydhjar@gmail.com', age=82}, type='retail'}]
[2021.10.07.19.18.18] [Invoice{products=[], customer=Customer{id=9187, email='jdvxpbksjytlgbfgzdem@gmail.com', age=40}, type='retail'}]
[2021.10.07.21.16.28] [Invoice{products=[Telephone{series='Galaxy M32', screenType='none', price=6799.0, model='Super AMOLED'}, Telephone{series='iPhone 11', screenType='none', price=18499.0, model='IPS'}, Telephone{series='G20', screenType='none', price=4499.0, model='IPS'}, Telephone{series='Redmi 9T', screenType='none', price=4999.0, model='IPS'}, Telephone{series='Redmi 9A', screenType='none', price=2999.0, model='IPS'}, Telephone{series='iPhone 12 Pro Max', screenType='none', price=38499.0, model='OLED (Super Retina XDR)'}, Telephone{series='Nord', screenType='none', price=13999.0, model='Fluid AMOLED'}, Telephone{series='Reno5 Lite', screenType='none', price=9999.0, model='AMOLED'}, Telephone{series='E7i Power', screenType='none', price=2999.0, model='IPS'}, Telephone{series='P Smart 2021', screenType='none', price=5499.0, model='IPS'}, Television{series='UE43T5300AUXUA', screenType='LED', price=11699.0, diagonal=43.0, country='Hungary'}, Television{series='OLED55C14LB', screenType='OLED', price=49999.0, diagonal=55.0, country='Poland'}, Television{series='32LM6370PLA', screenType='LED', price=9599.0, diagonal=32.0, country='Poland'}, Television{series='43U710KB', screenType='LED', price=10999.0, diagonal=43.0, country='China'}, Television{series='43UP77006LB', screenType='LED', price=14399.0, diagonal=43.0, country='Poland'}, Television{series='', screenType='LED', price=4899.0, diagonal=32.0, country='China'}, Television{series='43HAK5750', screenType='LED', price=9999.0, diagonal=43.0, country='Turkey'}, Television{series='L32M5-5ARU', screenType='LED', price=6999.0, diagonal=32.0, country='China'}, Television{series='43PUS7505/12', screenType='LED', price=1699.0, diagonal=43.0, country='Poland'}, Television{series='24H9100T', screenType='LED', price=3699.0, diagonal=24.0, country='China'}], customer=Customer{id=7869, email='ygxwcttpnobyurkwjvwr@gmail.com', age=25}, type='wholesale'}]
